<?xml version="1.0" encoding="UTF-8"?>
<testsuite xmlns:xsi="http://www.w3.org/2001/XMLSchema-instance" xsi:noNamespaceSchemaLocation="https://maven.apache.org/surefire/maven-surefire-plugin/xsd/surefire-test-report.xsd" name="com.drools.AppTest" time="0.134" tests="1" errors="0" skipped="0" failures="0">
  <properties>
    <property name="sun.desktop" value="gnome"/>
    <property name="awt.toolkit" value="sun.awt.X11.XToolkit"/>
    <property name="java.specification.version" value="11"/>
    <property name="sun.cpu.isalist" value=""/>
    <property name="sun.jnu.encoding" value="UTF-8"/>
    <property name="java.class.path" value="/home/mirelly/Documents/senseup/drools/firefighter/target/test-classes:/home/mirelly/Documents/senseup/drools/firefighter/target/classes:/home/mirelly/.m2/repository/junit/junit/4.11/junit-4.11.jar:/home/mirelly/.m2/repository/org/hamcrest/hamcrest-core/1.3/hamcrest-core-1.3.jar:"/>
    <property name="java.vm.vendor" value="AdoptOpenJDK"/>
    <property name="sun.arch.data.model" value="64"/>
    <property name="java.vendor.url" value="https://adoptopenjdk.net/"/>
    <property name="user.timezone" value=""/>
    <property name="user.country.format" value="BR"/>
    <property name="java.vm.specification.version" value="11"/>
    <property name="os.name" value="Linux"/>
    <property name="sun.java.launcher" value="SUN_STANDARD"/>
    <property name="user.country" value="US"/>
    <property name="sun.boot.library.path" value="/home/mirelly/.sdkman/candidates/java/11.0.10.hs-adpt/lib"/>
    <property name="sun.java.command" value="/home/mirelly/Documents/senseup/drools/firefighter/target/surefire/surefirebooter11795344846807092817.jar /home/mirelly/Documents/senseup/drools/firefighter/target/surefire 2022-02-02T18-51-23_569-jvmRun1 surefire307194173564136293tmp surefire_09738822153107628919tmp"/>
    <property name="jdk.debug" value="release"/>
    <property name="surefire.test.class.path" value="/home/mirelly/Documents/senseup/drools/firefighter/target/test-classes:/home/mirelly/Documents/senseup/drools/firefighter/target/classes:/home/mirelly/.m2/repository/junit/junit/4.11/junit-4.11.jar:/home/mirelly/.m2/repository/org/hamcrest/hamcrest-core/1.3/hamcrest-core-1.3.jar:"/>
    <property name="sun.cpu.endian" value="little"/>
    <property name="user.home" value="/home/mirelly"/>
    <property name="user.language" value="en"/>
    <property name="java.specification.vendor" value="Oracle Corporation"/>
    <property name="java.version.date" value="2021-01-19"/>
    <property name="java.home" value="/home/mirelly/.sdkman/candidates/java/11.0.10.hs-adpt"/>
    <property name="file.separator" value="/"/>
    <property name="basedir" value="/home/mirelly/Documents/senseup/drools/firefighter"/>
    <property name="java.vm.compressedOopsMode" value="32-bit"/>
    <property name="line.separator" value="&#10;"/>
    <property name="java.specification.name" value="Java Platform API Specification"/>
    <property name="java.vm.specification.vendor" value="Oracle Corporation"/>
    <property name="java.awt.graphicsenv" value="sun.awt.X11GraphicsEnvironment"/>
    <property name="surefire.real.class.path" value="/home/mirelly/Documents/senseup/drools/firefighter/target/surefire/surefirebooter11795344846807092817.jar"/>
    <property name="sun.management.compiler" value="HotSpot 64-Bit Tiered Compilers"/>
    <property name="java.runtime.version" value="11.0.10+9"/>
    <property name="user.name" value="mirelly"/>
    <property name="path.separator" value=":"/>
    <property name="os.version" value="5.4.0-97-generic"/>
    <property name="java.runtime.name" value="OpenJDK Runtime Environment"/>
    <property name="file.encoding" value="UTF-8"/>
    <property name="java.vm.name" value="OpenJDK 64-Bit Server VM"/>
    <property name="java.vendor.version" value="AdoptOpenJDK"/>
    <property name="localRepository" value="/home/mirelly/.m2/repository"/>
    <property name="java.vendor.url.bug" value="https://github.com/AdoptOpenJDK/openjdk-support/issues"/>
    <property name="java.io.tmpdir" value="/tmp"/>
    <property name="java.version" value="11.0.10"/>
    <property name="user.dir" value="/home/mirelly/Documents/senseup/drools/firefighter"/>
    <property name="os.arch" value="amd64"/>
    <property name="java.vm.specification.name" value="Java Virtual Machine Specification"/>
    <property name="java.awt.printerjob" value="sun.print.PSPrinterJob"/>
    <property name="user.language.format" value="pt"/>
    <property name="sun.os.patch.level" value="unknown"/>
    <property name="java.library.path" value="/opt/Xilinx/14.7/ISE_DS/ISE/lib/lin64:/opt/Xilinx/14.7/ISE_DS/ISE/smartmodel/lin64/installed_lin64/lib:/opt/Xilinx/14.7/ISE_DS/ISE/sysgen/lib:/opt/Xilinx/14.7/ISE_DS/EDK/lib/lin64:/opt/Xilinx/14.7/ISE_DS/common/lib/lin64:/usr/java/packages/lib:/usr/lib64:/lib64:/lib:/usr/lib"/>
    <property name="java.vm.info" value="mixed mode"/>
    <property name="java.vendor" value="AdoptOpenJDK"/>
    <property name="java.vm.version" value="11.0.10+9"/>
    <property name="sun.io.unicode.encoding" value="UnicodeLittle"/>
    <property name="java.class.version" value="55.0"/>
  </properties>
  <testcase name="shouldAnswerWithTrue" classname="com.drools.AppTest" time="0.002"/>
</testsuite>